[debug] [2024-01-19T10:04:34.545Z] ----------------------------------------------------------------------
[debug] [2024-01-19T10:04:34.548Z] Command:       C:\Program Files\nodejs\node.exe C:\Users\talhakhan\AppData\Roaming\npm\node_modules\firebase-tools\lib\bin\firebase.js deploy
[debug] [2024-01-19T10:04:34.549Z] CLI Version:   13.0.3
[debug] [2024-01-19T10:04:34.549Z] Platform:      win32
[debug] [2024-01-19T10:04:34.549Z] Node Version:  v20.2.0
[debug] [2024-01-19T10:04:34.550Z] Time:          Fri Jan 19 2024 15:04:34 GMT+0500 (Pakistan Standard Time)
[debug] [2024-01-19T10:04:34.550Z] ----------------------------------------------------------------------
[debug] 
[debug] [2024-01-19T10:04:34.650Z] > command requires scopes: ["email","openid","https://www.googleapis.com/auth/cloudplatformprojects.readonly","https://www.googleapis.com/auth/firebase","https://www.googleapis.com/auth/cloud-platform"]
[debug] [2024-01-19T10:04:34.651Z] > authorizing via signed-in user (babar.sohail.sbp@gmail.com)
[debug] [2024-01-19T10:04:34.651Z] [iam] checking project onecall-68b0f for permissions ["firebase.projects.get","firebasehosting.sites.update"]
[debug] [2024-01-19T10:04:34.654Z] >>> [apiv2][query] POST https://cloudresourcemanager.googleapis.com/v1/projects/onecall-68b0f:testIamPermissions [none]
[debug] [2024-01-19T10:04:34.654Z] >>> [apiv2][(partial)header] POST https://cloudresourcemanager.googleapis.com/v1/projects/onecall-68b0f:testIamPermissions x-goog-quota-user=projects/onecall-68b0f
[debug] [2024-01-19T10:04:34.655Z] >>> [apiv2][body] POST https://cloudresourcemanager.googleapis.com/v1/projects/onecall-68b0f:testIamPermissions {"permissions":["firebase.projects.get","firebasehosting.sites.update"]}
[debug] [2024-01-19T10:04:36.290Z] <<< [apiv2][status] POST https://cloudresourcemanager.googleapis.com/v1/projects/onecall-68b0f:testIamPermissions 200
[debug] [2024-01-19T10:04:36.290Z] <<< [apiv2][body] POST https://cloudresourcemanager.googleapis.com/v1/projects/onecall-68b0f:testIamPermissions {}
[debug] [2024-01-19T10:04:36.291Z] [iam] error while checking permissions, command may fail: FirebaseError: Authorization failed. This account is missing the following required permissions on project onecall-68b0f:

  firebase.projects.get
  firebasehosting.sites.update
[debug] [2024-01-19T10:04:36.293Z] >>> [apiv2][query] GET https://firebase.googleapis.com/v1beta1/projects/onecall-68b0f [none]
[debug] [2024-01-19T10:04:36.798Z] <<< [apiv2][status] GET https://firebase.googleapis.com/v1beta1/projects/onecall-68b0f 403
[debug] [2024-01-19T10:04:36.798Z] <<< [apiv2][body] GET https://firebase.googleapis.com/v1beta1/projects/onecall-68b0f {"error":{"code":403,"message":"The caller does not have permission","status":"PERMISSION_DENIED"}}
[debug] [2024-01-19T10:04:36.802Z] HTTP Error: 403, The caller does not have permission
[debug] [2024-01-19T10:04:36.808Z] Specified "public" directory "build" does not exist; Deploy to Hosting site "" may fail or be empty.
[error] 
[error] Error: Assertion failed: resolving hosting target of a site with no site name or target name. This should have caused an error earlier
[debug] [2024-01-19T10:04:59.378Z] ----------------------------------------------------------------------
[debug] [2024-01-19T10:04:59.382Z] Command:       C:\Program Files\nodejs\node.exe C:\Users\talhakhan\AppData\Roaming\npm\node_modules\firebase-tools\lib\bin\firebase.js init
[debug] [2024-01-19T10:04:59.382Z] CLI Version:   13.0.3
[debug] [2024-01-19T10:04:59.382Z] Platform:      win32
[debug] [2024-01-19T10:04:59.383Z] Node Version:  v20.2.0
[debug] [2024-01-19T10:04:59.383Z] Time:          Fri Jan 19 2024 15:04:59 GMT+0500 (Pakistan Standard Time)
[debug] [2024-01-19T10:04:59.383Z] ----------------------------------------------------------------------
[debug] 
[debug] [2024-01-19T10:04:59.480Z] > command requires scopes: ["email","openid","https://www.googleapis.com/auth/cloudplatformprojects.readonly","https://www.googleapis.com/auth/firebase","https://www.googleapis.com/auth/cloud-platform"]
[debug] [2024-01-19T10:04:59.481Z] > authorizing via signed-in user (babar.sohail.sbp@gmail.com)
[info] 
     ######## #### ########  ######## ########     ###     ######  ########
     ##        ##  ##     ## ##       ##     ##  ##   ##  ##       ##
     ######    ##  ########  ######   ########  #########  ######  ######
     ##        ##  ##    ##  ##       ##     ## ##     ##       ## ##
     ##       #### ##     ## ######## ########  ##     ##  ######  ########

You're about to initialize a Firebase project in this directory:

  F:\

Before we get started, keep in mind:

  * You are initializing within an existing Firebase project directory

[info] 
=== Project Setup
[info] 
[info] First, let's associate this project directory with a Firebase project.
[info] You can create multiple project aliases by running firebase use --add, 
[info] but for now we'll just set up a default project.
[info] 
[debug] [2024-01-19T10:05:08.159Z] Using project from CLI flag: onecall-68b0f
[debug] [2024-01-19T10:05:08.161Z] >>> [apiv2][query] GET https://firebase.googleapis.com/v1beta1/projects/onecall-68b0f [none]
[debug] [2024-01-19T10:05:08.844Z] <<< [apiv2][status] GET https://firebase.googleapis.com/v1beta1/projects/onecall-68b0f 403
[debug] [2024-01-19T10:05:08.844Z] <<< [apiv2][body] GET https://firebase.googleapis.com/v1beta1/projects/onecall-68b0f {"error":{"code":403,"message":"The caller does not have permission","status":"PERMISSION_DENIED"}}
[debug] [2024-01-19T10:05:08.846Z] HTTP Error: 403, The caller does not have permission
[debug] [2024-01-19T10:05:09.178Z] FirebaseError: HTTP Error: 403, The caller does not have permission
    at responseToError (C:\Users\talhakhan\AppData\Roaming\npm\node_modules\firebase-tools\lib\responseToError.js:49:12)
    at RetryOperation._fn (C:\Users\talhakhan\AppData\Roaming\npm\node_modules\firebase-tools\lib\apiv2.js:292:77)
    at process.processTicksAndRejections (node:internal/process/task_queues:95:5)
[error] 
[error] Error: Failed to get Firebase project onecall-68b0f. Please make sure the project exists and your account has permission to access it.
